[22/Mar/2023:15:43:19 +0900] 0:0:0:0:0:0:0:1 200 "GET /admin/product?item_idx=2 HTTP/1.1" 16728 (58 ms)
[22/Mar/2023:15:43:19 +0900] 0:0:0:0:0:0:0:1 200 "GET /css/common.css HTTP/1.1" 2068 (16 ms)
[22/Mar/2023:17:08:31 +0900] 0:0:0:0:0:0:0:1 200 "GET /css/hd-inner.css HTTP/1.1" 3320 (5 ms)
[22/Mar/2023:17:08:31 +0900] 0:0:0:0:0:0:0:1 200 "GET /css/footer.css HTTP/1.1" 2467 (8 ms)
[22/Mar/2023:17:08:31 +0900] 0:0:0:0:0:0:0:1 200 "GET /css/navbar.css HTTP/1.1" 273 (4 ms)
[22/Mar/2023:17:08:31 +0900] 0:0:0:0:0:0:0:1 200 "GET /css/share-btn.css HTTP/1.1" 1201 (7 ms)
[22/Mar/2023:17:08:31 +0900] 0:0:0:0:0:0:0:1 200 "GET /main HTTP/1.1" 188467 (191 ms)
[22/Mar/2023:17:08:32 +0900] 0:0:0:0:0:0:0:1 200 "GET /css/hd-inner.css HTTP/1.1" 3320 (7 ms)
[22/Mar/2023:17:08:32 +0900] 0:0:0:0:0:0:0:1 200 "GET /product?idx=3 HTTP/1.1" 97699 (128 ms)
[22/Mar/2023:17:08:32 +0900] 0:0:0:0:0:0:0:1 200 "GET /css/share-btn.css HTTP/1.1" 1201 (7 ms)
[22/Mar/2023:17:08:32 +0900] 0:0:0:0:0:0:0:1 200 "GET /css/footer.css HTTP/1.1" 2467 (10 ms)
[22/Mar/2023:17:08:32 +0900] 0:0:0:0:0:0:0:1 200 "GET /css/option-popup.css HTTP/1.1" 3574 (13 ms)
[22/Mar/2023:17:09:04 +0900] 0:0:0:0:0:0:0:1 200 "GET /main HTTP/1.1" 188469 (155 ms)
[22/Mar/2023:17:09:04 +0900] 0:0:0:0:0:0:0:1 200 "GET /css/hd-inner.css HTTP/1.1" 3320 (9 ms)
[22/Mar/2023:17:09:04 +0900] 0:0:0:0:0:0:0:1 200 "GET /css/footer.css HTTP/1.1" 2467 (11 ms)
[22/Mar/2023:17:09:04 +0900] 0:0:0:0:0:0:0:1 200 "GET /css/navbar.css HTTP/1.1" 273 (9 ms)
[22/Mar/2023:17:09:04 +0900] 0:0:0:0:0:0:0:1 200 "GET /css/share-btn.css HTTP/1.1" 1201 (5 ms)
[22/Mar/2023:17:09:05 +0900] 0:0:0:0:0:0:0:1 200 "GET /product?idx=3 HTTP/1.1" 97699 (42 ms)
[22/Mar/2023:17:09:05 +0900] 0:0:0:0:0:0:0:1 200 "GET /css/hd-inner.css HTTP/1.1" 3320 (9 ms)
[22/Mar/2023:17:09:05 +0900] 0:0:0:0:0:0:0:1 200 "GET /css/footer.css HTTP/1.1" 2467 (10 ms)
[22/Mar/2023:17:09:05 +0900] 0:0:0:0:0:0:0:1 200 "GET /css/option-popup.css HTTP/1.1" 3574 (23 ms)
[22/Mar/2023:17:09:05 +0900] 0:0:0:0:0:0:0:1 200 "GET /css/share-btn.css HTTP/1.1" 1201 (8 ms)
[22/Mar/2023:17:09:09 +0900] 0:0:0:0:0:0:0:1 200 "GET /qna/answer-check?idx=13 HTTP/1.1" 52 (18 ms)
[22/Mar/2023:17:09:09 +0900] 0:0:0:0:0:0:0:1 200 "GET /qna/answer?idx=13 HTTP/1.1" 15430 (20 ms)
[22/Mar/2023:17:09:09 +0900] 0:0:0:0:0:0:0:1 200 "GET /css/hd-inner.css HTTP/1.1" 3320 (17 ms)
[22/Mar/2023:17:09:09 +0900] 0:0:0:0:0:0:0:1 200 "GET /css/footer.css HTTP/1.1" 2467 (6 ms)
[22/Mar/2023:17:09:09 +0900] 0:0:0:0:0:0:0:1 200 "GET /css/QnA-write.css HTTP/1.1" 2902 (9 ms)
[22/Mar/2023:17:09:11 +0900] 0:0:0:0:0:0:0:1 200 "GET /product?idx=3 HTTP/1.1" 97699 (39 ms)
[22/Mar/2023:17:09:11 +0900] 0:0:0:0:0:0:0:1 200 "GET /css/hd-inner.css HTTP/1.1" 3320 (25 ms)
[22/Mar/2023:17:09:11 +0900] 0:0:0:0:0:0:0:1 200 "GET /css/footer.css HTTP/1.1" 2467 (9 ms)
[22/Mar/2023:17:09:11 +0900] 0:0:0:0:0:0:0:1 200 "GET /css/option-popup.css HTTP/1.1" 3574 (8 ms)
[22/Mar/2023:17:09:11 +0900] 0:0:0:0:0:0:0:1 200 "GET /css/share-btn.css HTTP/1.1" 1201 (11 ms)
